Determining if the Q_WS_WIN exist failed with the following output:
Change Dir: /home/nathan/Documents/FastSlice-build/CMakeFiles/CMakeTmp

Run Build Command:"/usr/bin/make" "cmTC_c6339/fast"
/usr/bin/make -f CMakeFiles/cmTC_c6339.dir/build.make CMakeFiles/cmTC_c6339.dir/build
make[1]: Entering directory '/home/nathan/Documents/FastSlice-build/CMakeFiles/CMakeTmp'
Building CXX object CMakeFiles/cmTC_c6339.dir/CheckSymbolExists.cxx.o
/usr/bin/c++    -I/usr/include/qt4   -o CMakeFiles/cmTC_c6339.dir/CheckSymbolExists.cxx.o -c /home/nathan/Documents/FastSlice-build/CMakeFiles/CMakeTmp/CheckSymbolExists.cxx
/home/nathan/Documents/FastSlice-build/CMakeFiles/CMakeTmp/CheckSymbolExists.cxx: In function ‘int main(int, char**)’:
/home/nathan/Documents/FastSlice-build/CMakeFiles/CMakeTmp/CheckSymbolExists.cxx:8:19: error: ‘Q_WS_WIN’ was not declared in this scope
   return ((int*)(&Q_WS_WIN))[argc];
                   ^
CMakeFiles/cmTC_c6339.dir/build.make:65: recipe for target 'CMakeFiles/cmTC_c6339.dir/CheckSymbolExists.cxx.o' failed
make[1]: *** [CMakeFiles/cmTC_c6339.dir/CheckSymbolExists.cxx.o] Error 1
make[1]: Leaving directory '/home/nathan/Documents/FastSlice-build/CMakeFiles/CMakeTmp'
Makefile:126: recipe for target 'cmTC_c6339/fast' failed
make: *** [cmTC_c6339/fast] Error 2

File /home/nathan/Documents/FastSlice-build/CMakeFiles/CMakeTmp/CheckSymbolExists.cxx:
/* */
#include <QtCore/qglobal.h>

int main(int argc, char** argv)
{
  (void)argv;
#ifndef Q_WS_WIN
  return ((int*)(&Q_WS_WIN))[argc];
#else
  (void)argc;
  return 0;
#endif
}

Determining if the Q_WS_QWS exist failed with the following output:
Change Dir: /home/nathan/Documents/FastSlice-build/CMakeFiles/CMakeTmp

Run Build Command:"/usr/bin/make" "cmTC_20e9b/fast"
/usr/bin/make -f CMakeFiles/cmTC_20e9b.dir/build.make CMakeFiles/cmTC_20e9b.dir/build
make[1]: Entering directory '/home/nathan/Documents/FastSlice-build/CMakeFiles/CMakeTmp'
Building CXX object CMakeFiles/cmTC_20e9b.dir/CheckSymbolExists.cxx.o
/usr/bin/c++    -I/usr/include/qt4   -o CMakeFiles/cmTC_20e9b.dir/CheckSymbolExists.cxx.o -c /home/nathan/Documents/FastSlice-build/CMakeFiles/CMakeTmp/CheckSymbolExists.cxx
/home/nathan/Documents/FastSlice-build/CMakeFiles/CMakeTmp/CheckSymbolExists.cxx: In function ‘int main(int, char**)’:
/home/nathan/Documents/FastSlice-build/CMakeFiles/CMakeTmp/CheckSymbolExists.cxx:8:19: error: ‘Q_WS_QWS’ was not declared in this scope
   return ((int*)(&Q_WS_QWS))[argc];
                   ^
CMakeFiles/cmTC_20e9b.dir/build.make:65: recipe for target 'CMakeFiles/cmTC_20e9b.dir/CheckSymbolExists.cxx.o' failed
make[1]: *** [CMakeFiles/cmTC_20e9b.dir/CheckSymbolExists.cxx.o] Error 1
make[1]: Leaving directory '/home/nathan/Documents/FastSlice-build/CMakeFiles/CMakeTmp'
Makefile:126: recipe for target 'cmTC_20e9b/fast' failed
make: *** [cmTC_20e9b/fast] Error 2

File /home/nathan/Documents/FastSlice-build/CMakeFiles/CMakeTmp/CheckSymbolExists.cxx:
/* */
#include <QtCore/qglobal.h>

int main(int argc, char** argv)
{
  (void)argv;
#ifndef Q_WS_QWS
  return ((int*)(&Q_WS_QWS))[argc];
#else
  (void)argc;
  return 0;
#endif
}

Determining if the Q_WS_MAC exist failed with the following output:
Change Dir: /home/nathan/Documents/FastSlice-build/CMakeFiles/CMakeTmp

Run Build Command:"/usr/bin/make" "cmTC_b6036/fast"
/usr/bin/make -f CMakeFiles/cmTC_b6036.dir/build.make CMakeFiles/cmTC_b6036.dir/build
make[1]: Entering directory '/home/nathan/Documents/FastSlice-build/CMakeFiles/CMakeTmp'
Building CXX object CMakeFiles/cmTC_b6036.dir/CheckSymbolExists.cxx.o
/usr/bin/c++    -I/usr/include/qt4   -o CMakeFiles/cmTC_b6036.dir/CheckSymbolExists.cxx.o -c /home/nathan/Documents/FastSlice-build/CMakeFiles/CMakeTmp/CheckSymbolExists.cxx
/home/nathan/Documents/FastSlice-build/CMakeFiles/CMakeTmp/CheckSymbolExists.cxx: In function ‘int main(int, char**)’:
/home/nathan/Documents/FastSlice-build/CMakeFiles/CMakeTmp/CheckSymbolExists.cxx:8:19: error: ‘Q_WS_MAC’ was not declared in this scope
   return ((int*)(&Q_WS_MAC))[argc];
                   ^
CMakeFiles/cmTC_b6036.dir/build.make:65: recipe for target 'CMakeFiles/cmTC_b6036.dir/CheckSymbolExists.cxx.o' failed
make[1]: *** [CMakeFiles/cmTC_b6036.dir/CheckSymbolExists.cxx.o] Error 1
make[1]: Leaving directory '/home/nathan/Documents/FastSlice-build/CMakeFiles/CMakeTmp'
Makefile:126: recipe for target 'cmTC_b6036/fast' failed
make: *** [cmTC_b6036/fast] Error 2

File /home/nathan/Documents/FastSlice-build/CMakeFiles/CMakeTmp/CheckSymbolExists.cxx:
/* */
#include <QtCore/qglobal.h>

int main(int argc, char** argv)
{
  (void)argv;
#ifndef Q_WS_MAC
  return ((int*)(&Q_WS_MAC))[argc];
#else
  (void)argc;
  return 0;
#endif
}

Determining if the CXX compiler accepts the flag -features=no%anachronisms passed with the following output:
Change Dir: /home/nathan/Documents/FastSlice-build/CMakeFiles/CMakeTmp

Run Build Command:"/usr/bin/make" "cmTC_7c81f/fast"
/usr/bin/make -f CMakeFiles/cmTC_7c81f.dir/build.make CMakeFiles/cmTC_7c81f.dir/build
make[1]: Entering directory '/home/nathan/Documents/FastSlice-build/CMakeFiles/CMakeTmp'
Building CXX object CMakeFiles/cmTC_7c81f.dir/src.cxx.o
/usr/bin/c++     -ftemplate-depth-50 -fno-tree-vectorize -features=no%anachronisms   -o CMakeFiles/cmTC_7c81f.dir/src.cxx.o -c /home/nathan/Documents/FastSlice-build/CMakeFiles/CMakeTmp/src.cxx
c++: error: unrecognized command line option ‘-features=no%anachronisms’
CMakeFiles/cmTC_7c81f.dir/build.make:65: recipe for target 'CMakeFiles/cmTC_7c81f.dir/src.cxx.o' failed
make[1]: *** [CMakeFiles/cmTC_7c81f.dir/src.cxx.o] Error 1
make[1]: Leaving directory '/home/nathan/Documents/FastSlice-build/CMakeFiles/CMakeTmp'
Makefile:126: recipe for target 'cmTC_7c81f/fast' failed
make: *** [cmTC_7c81f/fast] Error 2

Source file was:
int main() { return 0;}

